2025-12-01 02:11:03, SELF, v:1, k:poo@contato, rate:100
2025-12-01 02:11:03, MOVE, v:1, k:poo@contato, mode:PICK
2025-12-01 02:11:03, EXEC, v:1, k:poo@contato, mode:FULL, rate:100
2025-12-01 02:11:03, EXEC, v:1, k:poo@contato, mode:FULL, rate:100
2025-12-01 02:11:03, EXEC, v:1, k:poo@contato, mode:FULL, rate:100
2025-12-01 02:11:03, EXEC, v:1, k:poo@contato, mode:FULL, rate:100
2025-12-01 02:11:03, EXEC, v:1, k:poo@contato, mode:FULL, rate:100
2025-12-01 02:11:03, EXEC, v:1, k:poo@contato, mode:FULL, rate:100
2025-12-01 02:11:05, MOVE, v:1, k:poo@contato, mode:BACK
2025-12-01 02:30:44, MOVE, v:1, k:poo@agenda, mode:PICK
2025-12-01 02:30:47, EXEC, v:1, k:poo@agenda, mode:FULL, rate:0, size:97
2025-12-01 04:04:14, MOVE, v:1, k:poo@agenda, mode:PICK
2025-12-01 04:04:15, EXEC, v:1, k:poo@agenda, mode:FULL, rate:0, size:98
2025-12-01 04:06:33, EXEC, v:1, k:poo@agenda, mode:FULL, rate:0, size:98
2025-12-01 04:06:34, EXEC, v:1, k:poo@agenda, mode:FULL, rate:0
2025-12-01 04:09:13, EXEC, v:1, k:poo@agenda, mode:FULL, rate:0, size:98
2025-12-01 04:10:51, EXEC, v:1, k:poo@agenda, mode:FULL, rate:0, size:98
2025-12-01 04:11:03, EXEC, v:1, k:poo@agenda, mode:FULL, rate:0, size:98
2025-12-01 04:12:18, EXEC, v:1, k:poo@agenda, mode:FULL, rate:0, size:98
2025-12-01 04:52:18, EXEC, v:1, k:poo@agenda, mode:FULL, rate:0, size:98
2025-12-01 04:52:36, MOVE, v:1, k:poo@agenda, mode:BACK
2025-12-01 05:02:03, MOVE, v:1, k:poo@agenda, mode:PICK
2025-12-01 05:02:05, EXEC, v:1, k:poo@agenda, mode:FULL, rate:0, size:100
2025-12-01 05:03:49, EXEC, v:1, k:poo@agenda, mode:FULL, rate:0, size:100
2025-12-01 05:07:54, EXEC, v:1, k:poo@agenda, mode:FULL, rate:0, size:100
2025-12-01 05:08:07, MOVE, v:1, k:poo@agenda, mode:BACK
2025-12-01 05:15:05, MOVE, v:1, k:poo@agenda, mode:PICK
2025-12-01 05:15:06, EXEC, v:1, k:poo@agenda, mode:FULL, rate:0, size:107
2025-12-01 05:15:12, MOVE, v:1, k:poo@agenda, mode:BACK
2025-12-01 05:28:38, MOVE, v:1, k:poo@agenda, mode:PICK
2025-12-01 05:28:39, EXEC, v:1, k:poo@agenda, mode:FULL, rate:0, size:122
2025-12-01 05:28:42, MOVE, v:1, k:poo@agenda, mode:BACK
2025-12-01 05:30:39, MOVE, v:1, k:poo@agenda, mode:PICK
2025-12-01 05:30:40, EXEC, v:1, k:poo@agenda, mode:FULL, rate:0, size:130
2025-12-01 05:34:19, EXEC, v:1, k:poo@agenda, mode:FULL, rate:0, size:130
2025-12-01 05:37:45, EXEC, v:1, k:poo@agenda, mode:FULL, rate:62, size:131
2025-12-01 05:41:10, MOVE, v:1, k:poo@agenda, mode:BACK
2025-12-01 05:49:16, MOVE, v:1, k:poo@agenda, mode:PICK
2025-12-01 05:49:16, EXEC, v:1, k:poo@agenda, mode:FULL, rate:0, size:144
2025-12-01 05:49:22, MOVE, v:1, k:poo@agenda, mode:BACK
2025-12-01 05:49:29, MOVE, v:1, k:poo@agenda, mode:PICK
2025-12-01 05:49:37, EXEC, v:1, k:poo@agenda, mode:FULL, rate:62, size:144
2025-12-01 05:51:50, EXEC, v:1, k:poo@agenda, mode:FULL, rate:62, size:144
2025-12-01 05:52:34, EXEC, v:1, k:poo@agenda, mode:FULL, rate:62, size:144
2025-12-01 05:52:40, MOVE, v:1, k:poo@agenda, mode:BACK
2025-12-01 05:52:44, MOVE, v:1, k:poo@agenda, mode:PICK
2025-12-01 05:52:46, EXEC, v:1, k:poo@agenda, mode:FULL, rate:62
2025-12-01 05:53:50, EXEC, v:1, k:poo@agenda, mode:FULL, rate:75, size:144
2025-12-01 05:56:31, EXEC, v:1, k:poo@agenda, mode:FULL, rate:75, size:150
2025-12-01 05:58:06, EXEC, v:1, k:poo@agenda, mode:FULL, rate:0, size:151
2025-12-01 05:58:07, EXEC, v:1, k:poo@agenda, mode:FULL, rate:0
2025-12-01 05:58:15, EXEC, v:1, k:poo@agenda, mode:FULL, rate:75, size:151
2025-12-01 05:58:18, MOVE, v:1, k:poo@agenda, mode:BACK
2025-12-01 05:58:24, MOVE, v:1, k:poo@agenda, mode:PICK
2025-12-01 05:58:25, EXEC, v:1, k:poo@agenda, mode:FULL, rate:75
2025-12-01 05:59:24, EXEC, v:1, k:poo@agenda, mode:FULL, rate:0, size:152
2025-12-01 05:59:25, EXEC, v:1, k:poo@agenda, mode:FULL, rate:0
2025-12-01 05:59:40, EXEC, v:1, k:poo@agenda, mode:FULL, rate:75, size:152
2025-12-01 06:02:43, EXEC, v:1, k:poo@agenda, mode:FULL, rate:0, size:152
2025-12-01 06:02:54, EXEC, v:1, k:poo@agenda, mode:FULL, rate:75, size:152
2025-12-01 06:04:57, EXEC, v:1, k:poo@agenda, mode:FULL, rate:75, size:153
2025-12-01 06:05:32, MOVE, v:1, k:poo@agenda, mode:BACK
2025-12-01 06:10:02, MOVE, v:1, k:poo@agenda, mode:PICK
2025-12-01 06:10:03, EXEC, v:1, k:poo@agenda, mode:FULL, rate:75, size:157
2025-12-01 06:11:05, MOVE, v:1, k:poo@agenda, mode:BACK
