2025-11-30 00:35:45, MOVE, v:1, k:poo@agenda, mode:DOWN
2025-11-30 00:35:47, MOVE, v:1, k:poo@agenda, mode:PICK
2025-11-30 00:36:08, EXEC, v:1, k:poo@agenda, mode:FULL, rate:0, size:0
2025-11-30 00:37:01, MOVE, v:1, k:poo@agenda, mode:BACK
2025-11-30 00:37:10, MOVE, v:1, k:poo@contato, mode:PICK
2025-11-30 00:37:12, EXEC, v:1, k:poo@contato, mode:FULL, rate:100
2025-11-30 00:37:17, MOVE, v:1, k:poo@contato, mode:BACK
2025-11-30 00:37:22, MOVE, v:1, k:poo@agenda, mode:PICK
2025-11-30 00:37:24, EXEC, v:1, k:poo@agenda, mode:FULL, rate:0
2025-11-30 16:06:30, MOVE, v:1, k:poo@agenda, mode:PICK
2025-11-30 16:06:31, EXEC, v:1, k:poo@agenda, mode:FULL, rate:0, size:5
2025-11-30 16:33:56, EXEC, v:1, k:poo@agenda, mode:FULL, rate:0
2025-11-30 16:34:14, MOVE, v:1, k:poo@agenda, mode:BACK
2025-11-30 16:34:18, MOVE, v:1, k:poo@agenda, mode:PICK
2025-11-30 16:34:20, EXEC, v:1, k:poo@agenda, mode:FULL, rate:0
2025-11-30 17:19:29, EXEC, v:1, k:poo@agenda, mode:FULL, rate:0, size:21
2025-11-30 17:19:30, MOVE, v:1, k:poo@agenda, mode:BACK
2025-11-30 17:19:36, MOVE, v:1, k:poo@agenda, mode:PICK
2025-11-30 17:19:37, EXEC, v:1, k:poo@agenda, mode:FULL, rate:0
2025-11-30 17:30:46, EXEC, v:1, k:poo@agenda, mode:FULL, rate:0, size:25
2025-11-30 17:30:51, MOVE, v:1, k:poo@agenda, mode:BACK
2025-11-30 17:30:55, MOVE, v:1, k:poo@agenda, mode:PICK
2025-11-30 17:30:56, EXEC, v:1, k:poo@agenda, mode:FULL, rate:0
2025-11-30 17:30:59, MOVE, v:1, k:poo@agenda, mode:BACK
2025-11-30 17:31:01, MOVE, v:1, k:poo@agenda, mode:PICK
2025-11-30 17:31:01, EXEC, v:1, k:poo@agenda, mode:FULL, rate:0
2025-11-30 17:58:25, EXEC, v:1, k:poo@agenda, mode:FULL, rate:0, size:54
2025-11-30 17:58:31, MOVE, v:1, k:poo@agenda, mode:BACK
2025-11-30 17:58:37, MOVE, v:1, k:poo@agenda, mode:PICK
2025-11-30 17:58:38, EXEC, v:1, k:poo@agenda, mode:FULL, rate:0
2025-11-30 18:05:30, EXEC, v:1, k:poo@agenda, mode:FULL, rate:0, size:70
2025-11-30 18:05:32, MOVE, v:1, k:poo@agenda, mode:BACK
2025-11-30 18:05:51, MOVE, v:1, k:poo@agenda, mode:PICK
2025-11-30 18:05:52, EXEC, v:1, k:poo@agenda, mode:FULL, rate:0
2025-11-30 18:09:08, EXEC, v:1, k:poo@agenda, mode:FULL, rate:0
2025-11-30 18:40:23, EXEC, v:1, k:poo@agenda, mode:FULL, rate:0, size:70
2025-11-30 18:42:17, EXEC, v:1, k:poo@agenda, mode:FULL, rate:0, size:70
2025-11-30 18:42:18, MOVE, v:1, k:poo@agenda, mode:BACK
2025-11-30 18:42:24, MOVE, v:1, k:poo@agenda, mode:PICK
2025-11-30 18:42:25, EXEC, v:1, k:poo@agenda, mode:FULL, rate:0
2025-11-30 18:45:46, EXEC, v:1, k:poo@agenda, mode:FULL, rate:0, size:78
2025-11-30 18:45:47, MOVE, v:1, k:poo@agenda, mode:BACK
2025-11-30 18:48:11, MOVE, v:1, k:poo@agenda, mode:PICK
2025-11-30 18:48:12, EXEC, v:1, k:poo@agenda, mode:FULL, rate:0, size:81
2025-11-30 18:48:17, MOVE, v:1, k:poo@agenda, mode:BACK
2025-11-30 18:48:21, MOVE, v:1, k:poo@agenda, mode:PICK
2025-11-30 18:48:22, EXEC, v:1, k:poo@agenda, mode:FULL, rate:0
2025-11-30 18:49:29, EXEC, v:1, k:poo@agenda, mode:FULL, rate:0
2025-11-30 19:08:17, EXEC, v:1, k:poo@agenda, mode:FULL, rate:0
2025-11-30 19:08:18, MOVE, v:1, k:poo@agenda, mode:BACK
2025-11-30 19:12:22, MOVE, v:1, k:poo@agenda, mode:PICK
2025-11-30 19:12:23, EXEC, v:1, k:poo@agenda, mode:FULL, rate:0, size:81
2025-11-30 19:18:55, EXEC, v:1, k:poo@agenda, mode:FULL, rate:0
2025-11-30 19:30:25, EXEC, v:1, k:poo@agenda, mode:FULL, rate:0, size:81
2025-11-30 19:30:31, MOVE, v:1, k:poo@agenda, mode:BACK
2025-11-30 19:33:37, MOVE, v:1, k:poo@agenda, mode:PICK
2025-11-30 19:33:38, EXEC, v:1, k:poo@agenda, mode:FULL, rate:0, size:82
2025-11-30 19:36:16, EXEC, v:1, k:poo@agenda, mode:FULL, rate:0, size:82
2025-11-30 19:37:05, EXEC, v:1, k:poo@agenda, mode:FULL, rate:0
2025-11-30 20:14:49, EXEC, v:1, k:poo@agenda, mode:FULL, rate:0, size:86
2025-11-30 20:49:04, MOVE, v:1, k:poo@agenda, mode:PICK
2025-11-30 20:49:08, EXEC, v:1, k:poo@agenda, mode:FULL, rate:0, size:86
2025-11-30 20:49:10, MOVE, v:1, k:poo@agenda, mode:BACK
2025-11-30 20:49:12, MOVE, v:1, k:poo@agenda, mode:PICK
2025-11-30 20:49:14, EXEC, v:1, k:poo@agenda, mode:FULL, rate:0
2025-11-30 21:12:23, EXEC, v:1, k:poo@agenda, mode:FULL, rate:0, size:95
2025-11-30 21:12:23, EXEC, v:1, k:poo@agenda, mode:FULL, rate:0, size:95
2025-11-30 21:12:24, EXEC, v:1, k:poo@agenda, mode:FULL, rate:0, size:95
2025-11-30 21:12:24, EXEC, v:1, k:poo@agenda, mode:FULL, rate:0, size:95
2025-11-30 21:12:27, EXEC, v:1, k:poo@agenda, mode:FULL, rate:0, size:95
2025-11-30 21:14:03, EXEC, v:1, k:poo@agenda, mode:FULL, rate:0, size:95
2025-11-30 21:14:03, EXEC, v:1, k:poo@agenda, mode:FULL, rate:0, size:95
2025-11-30 21:14:04, EXEC, v:1, k:poo@agenda, mode:FULL, rate:0, size:95
2025-11-30 21:22:22, EXEC, v:1, k:poo@agenda, mode:FULL, rate:0, size:95
